  JajankenZipper.cpp
c:\users\sobeih's\source\repos\jajankenzipper\jajankenzipper\jajankenzipper\JajankenZipper.h(129): warning C4800: 'int': forcing value to bool 'true' or 'false' (performance warning)
c:\users\sobeih's\source\repos\jajankenzipper\jajankenzipper\jajankenzipper\JajankenZipper.h(146): warning C4805: '==': unsafe mix of type 'bool' and type 'int' in operation
..\..\..\..\..\..\Sobeih's\Source\Repos\JajankenZipper\JajankenZipper\JajankenZipper\JajankenZipper.cpp(25): warning C4267: 'initializing': conversion from 'size_t' to 'int', possible loss of data
..\..\..\..\..\..\Sobeih's\Source\Repos\JajankenZipper\JajankenZipper\JajankenZipper\JajankenZipper.cpp(402): warning C4267: 'argument': conversion from 'size_t' to 'int', possible loss of data
..\..\..\..\..\..\Sobeih's\Source\Repos\JajankenZipper\JajankenZipper\JajankenZipper\JajankenZipper.cpp(408): warning C4267: 'argument': conversion from 'size_t' to 'int', possible loss of data
..\..\..\..\..\..\Sobeih's\Source\Repos\JajankenZipper\JajankenZipper\JajankenZipper\JajankenZipper.cpp(412): warning C4267: 'argument': conversion from 'size_t' to 'int', possible loss of data
..\..\..\..\..\..\Sobeih's\Source\Repos\JajankenZipper\JajankenZipper\JajankenZipper\JajankenZipper.cpp(495): warning C4267: 'argument': conversion from 'size_t' to 'unsigned char', possible loss of data
..\..\..\..\..\..\Sobeih's\Source\Repos\JajankenZipper\JajankenZipper\JajankenZipper\JajankenZipper.cpp(501): warning C4267: 'argument': conversion from 'size_t' to 'unsigned char', possible loss of data
..\..\..\..\..\..\Sobeih's\Source\Repos\JajankenZipper\JajankenZipper\JajankenZipper\JajankenZipper.cpp(513): warning C4267: 'argument': conversion from 'size_t' to 'unsigned char', possible loss of data
..\..\..\..\..\..\Sobeih's\Source\Repos\JajankenZipper\JajankenZipper\JajankenZipper\JajankenZipper.cpp(519): warning C4267: 'initializing': conversion from 'size_t' to 'int', possible loss of data
..\..\..\..\..\..\Sobeih's\Source\Repos\JajankenZipper\JajankenZipper\JajankenZipper\JajankenZipper.cpp(677): warning C4244: 'argument': conversion from 'short' to 'const unsigned char', possible loss of data
..\..\..\..\..\..\Sobeih's\Source\Repos\JajankenZipper\JajankenZipper\JajankenZipper\JajankenZipper.cpp(680): warning C4244: 'argument': conversion from 'short' to 'const unsigned char', possible loss of data
..\..\..\..\..\..\Sobeih's\Source\Repos\JajankenZipper\JajankenZipper\JajankenZipper\JajankenZipper.cpp(692): warning C4244: 'initializing': conversion from 'std::streamoff' to 'int', possible loss of data
..\..\..\..\..\..\Sobeih's\Source\Repos\JajankenZipper\JajankenZipper\JajankenZipper\JajankenZipper.cpp(124): warning C4267: 'initializing': conversion from 'size_t' to 'int', possible loss of data
  ..\..\..\..\..\..\Sobeih's\Source\Repos\JajankenZipper\JajankenZipper\JajankenZipper\JajankenZipper.cpp(18): note: see reference to function template instantiation 'std::map<std::string,int,std::less<_Kty>,std::allocator<std::pair<const _Kty,_Ty>>> JajankenZipper::HuffmanEncoding<int>(const std::vector<_Ty,std::allocator<_Ty>> &,std::vector<uchar,std::allocator<unsigned char>> &)' being compiled
          with
          [
              _Kty=std::string,
              _Ty=int
          ]
..\..\..\..\..\..\Sobeih's\Source\Repos\JajankenZipper\JajankenZipper\JajankenZipper\JajankenZipper.cpp(170): warning C4244: 'argument': conversion from 'short' to 'const unsigned char', possible loss of data
..\..\..\..\..\..\Sobeih's\Source\Repos\JajankenZipper\JajankenZipper\JajankenZipper\JajankenZipper.cpp(173): warning C4244: 'argument': conversion from 'short' to 'const unsigned char', possible loss of data
..\..\..\..\..\..\Sobeih's\Source\Repos\JajankenZipper\JajankenZipper\JajankenZipper\JajankenZipper.cpp(267): warning C4267: 'argument': conversion from 'size_t' to 'unsigned char', possible loss of data
  ..\..\..\..\..\..\Sobeih's\Source\Repos\JajankenZipper\JajankenZipper\JajankenZipper\JajankenZipper.cpp(19): note: see reference to function template instantiation 'std::vector<uchar,std::allocator<_Ty>> JajankenZipper::WriteCodeAndData<int>(std::map<std::string,int,std::less<_Kty>,std::allocator<std::pair<const _Kty,int>>> *,const std::vector<_Ty,std::allocator<_Ty>> &)' being compiled
          with
          [
              _Ty=uchar,
              _Kty=std::string
          ]
..\..\..\..\..\..\Sobeih's\Source\Repos\JajankenZipper\JajankenZipper\JajankenZipper\JajankenZipper.cpp(279): warning C4267: 'initializing': conversion from 'size_t' to 'int', possible loss of data
..\..\..\..\..\..\Sobeih's\Source\Repos\JajankenZipper\JajankenZipper\JajankenZipper\JajankenZipper.cpp(196): warning C4800: 'int': forcing value to bool 'true' or 'false' (performance warning)
  ..\..\..\..\..\..\Sobeih's\Source\Repos\JajankenZipper\JajankenZipper\JajankenZipper\JajankenZipper.cpp(68): note: see reference to function template instantiation 'std::vector<char,std::allocator<char>> JajankenZipper::HuffmanDecoding<char>(const std::vector<uchar,std::allocator<_Ty>> &,std::map<std::string,char,std::less<_Kty>,std::allocator<std::pair<const _Kty,char>>> *)' being compiled
          with
          [
              _Ty=uchar,
              _Kty=std::string
          ]
..\..\..\..\..\..\Sobeih's\Source\Repos\JajankenZipper\JajankenZipper\JajankenZipper\JajankenZipper.cpp(631): warning C4390: ';': empty controlled statement found; is this the intent?
  ..\..\..\..\..\..\Sobeih's\Source\Repos\JajankenZipper\JajankenZipper\JajankenZipper\JajankenZipper.cpp(68): note: see reference to function template instantiation 'void JajankenZipper::ReadDataFromVecOfCharX<int>(const std::vector<char,std::allocator<char>> &,std::vector<int,std::allocator<_Ty>> &,int &,int &)' being compiled
          with
          [
              _Ty=int
          ]
  Source.cpp
c:\users\sobeih's\source\repos\jajankenzipper\jajankenzipper\jajankenzipper\JajankenZipper.h(129): warning C4800: 'int': forcing value to bool 'true' or 'false' (performance warning)
c:\users\sobeih's\source\repos\jajankenzipper\jajankenzipper\jajankenzipper\JajankenZipper.h(146): warning C4805: '==': unsafe mix of type 'bool' and type 'int' in operation
c:\users\sobeih's\source\repos\jajankenzipper\jajankenzipper\jajankenzipper\utility.h(33): warning C4244: 'initializing': conversion from 'std::streamoff' to 'int', possible loss of data
..\..\..\..\..\..\Sobeih's\Source\Repos\JajankenZipper\JajankenZipper\JajankenZipper\Source.cpp(26): warning C4267: 'initializing': conversion from 'size_t' to 'int', possible loss of data
..\..\..\..\..\..\Sobeih's\Source\Repos\JajankenZipper\JajankenZipper\JajankenZipper\Source.cpp(63): warning C4244: 'initializing': conversion from 'double' to 'int', possible loss of data
  Generating code
  1 of 3242 functions ( 0.0%) were compiled, the rest were copied from previous compilation.
    0 functions were new in current compilation
    0 functions had inline decision re-evaluated but remain unchanged
  Finished generating code
  JajankenZipper.vcxproj -> C:\Users\Sobeih's\Source\Repos\JajankenZipper\JajankenZipper\x64\Release\JajankenZipper.exe
